\BOOKMARK [0][-]{chapter.1}{\376\377\000I\000n\000t\000r\000o\000d\000u\000c\000t\000i\000o\000n}{}% 1
\BOOKMARK [1][-]{section.1.1}{\376\377\000M\000o\000t\000i\000v\000a\000t\000i\000o\000n}{chapter.1}% 2
\BOOKMARK [1][-]{section.1.2}{\376\377\000R\000e\000s\000e\000a\000r\000c\000h\000\040\000Q\000u\000e\000s\000t\000i\000o\000n\000s\000\040\000a\000n\000d\000\040\000G\000o\000a\000l\000s}{chapter.1}% 3
\BOOKMARK [1][-]{section.1.3}{\376\377\000S\000t\000r\000u\000c\000t\000u\000r\000e}{chapter.1}% 4
\BOOKMARK [0][-]{chapter.2}{\376\377\000F\000o\000u\000n\000d\000a\000t\000i\000o\000n\000s\000\040\000a\000n\000d\000\040\000R\000e\000q\000u\000i\000r\000e\000m\000e\000n\000t\000s\000\040\000A\000n\000a\000l\000y\000s\000i\000s}{}% 5
\BOOKMARK [1][-]{section.2.1}{\376\377\000T\000e\000r\000m\000i\000n\000o\000l\000o\000g\000y}{chapter.2}% 6
\BOOKMARK [2][-]{subsection.2.1.1}{\376\377\000P\000o\000r\000t\000a\000l}{section.2.1}% 7
\BOOKMARK [2][-]{subsection.2.1.2}{\376\377\000M\000a\000s\000h\000u\000p}{section.2.1}% 8
\BOOKMARK [1][-]{section.2.2}{\376\377\000W\000e\000b\000-\000b\000a\000s\000e\000d\000\040\000F\000r\000o\000n\000t\000e\000n\000d\000\040\000D\000e\000v\000e\000l\000o\000p\000m\000e\000n\000t\000\040\000F\000r\000a\000m\000e\000w\000o\000r\000k\000\040\000A\000n\000a\000l\000y\000s\000i\000s}{chapter.2}% 9
\BOOKMARK [1][-]{section.2.3}{\376\377\000S\000u\000m\000m\000a\000r\000y}{chapter.2}% 10
\BOOKMARK [1][-]{section.2.4}{\376\377\000B\000a\000s\000i\000c\000\040\000F\000u\000n\000c\000t\000i\000o\000n\000a\000l\000i\000t\000i\000e\000s}{chapter.2}% 11
\BOOKMARK [0][-]{chapter.3}{\376\377\000S\000t\000a\000t\000e\000\040\000o\000f\000\040\000t\000h\000e\000\040\000A\000r\000t}{}% 12
\BOOKMARK [1][-]{section.3.1}{\376\377\000M\000a\000s\000h\000u\000p\000s\000\040\000D\000e\000v\000e\000l\000o\000p\000m\000e\000n\000t\000\040\000P\000l\000a\000t\000f\000o\000r\000m\000s}{chapter.3}% 13
\BOOKMARK [1][-]{section.3.2}{\376\377\000P\000o\000r\000t\000a\000l\000\040\000D\000e\000v\000e\000l\000o\000p\000m\000e\000n\000t\000\040\000P\000l\000a\000t\000f\000o\000r\000m\000s}{chapter.3}% 14
\BOOKMARK [2][-]{subsection.3.2.1}{\376\377\000M\000o\000d\000e\000l\000-\000V\000i\000e\000w\000-\000C\000o\000n\000t\000r\000o\000l\000\040\000P\000a\000t\000t\000e\000r\000n}{section.3.2}% 15
\BOOKMARK [2][-]{subsection.3.2.2}{\376\377\000P\000o\000r\000t\000l\000e\000t\000\040\000F\000r\000a\000m\000e\000w\000o\000r\000k\000\040\000D\000e\000s\000i\000g\000n}{section.3.2}% 16
\BOOKMARK [1][-]{section.3.3}{\376\377\000B\000r\000o\000w\000s\000e\000r\000\040\000B\000a\000s\000e\000d\000\040\000C\000o\000l\000l\000a\000b\000o\000r\000a\000t\000i\000v\000e\000\040\000S\000y\000s\000t\000e\000m\000s}{chapter.3}% 17
\BOOKMARK [1][-]{section.3.4}{\376\377\000N\000o\000n\000-\000B\000r\000o\000w\000s\000e\000r\000\040\000B\000a\000s\000e\000d\000\040\000C\000o\000l\000l\000a\000b\000o\000r\000a\000t\000i\000v\000e\000\040\000S\000y\000s\000t\000e\000m\000s}{chapter.3}% 18
\BOOKMARK [1][-]{section.3.5}{\376\377\000S\000u\000m\000m\000a\000r\000y}{chapter.3}% 19
\BOOKMARK [0][-]{chapter.4}{\376\377\000C\000o\000n\000c\000e\000p\000t}{}% 20
\BOOKMARK [1][-]{section.4.1}{\376\377\000R\000e\000q\000u\000i\000r\000e\000m\000e\000n\000t\000s}{chapter.4}% 21
\BOOKMARK [2][-]{subsection.4.1.1}{\376\377\000F\000u\000n\000c\000t\000i\000o\000n\000a\000l\000\040\000R\000e\000q\000u\000i\000r\000e\000m\000e\000n\000t\000s}{section.4.1}% 22
\BOOKMARK [2][-]{subsection.4.1.2}{\376\377\000N\000o\000n\000-\000f\000u\000n\000c\000t\000i\000o\000n\000a\000l\000\040\000R\000e\000q\000u\000i\000r\000e\000m\000e\000n\000t\000s}{section.4.1}% 23
\BOOKMARK [1][-]{section.4.2}{\376\377\000A\000r\000c\000h\000i\000t\000e\000c\000t\000u\000r\000e}{chapter.4}% 24
\BOOKMARK [1][-]{section.4.3}{\376\377\000F\000r\000o\000n\000t\000e\000n\000d}{chapter.4}% 25
\BOOKMARK [1][-]{section.4.4}{\376\377\000S\000u\000m\000m\000a\000r\000y}{chapter.4}% 26
\BOOKMARK [0][-]{chapter.5}{\376\377\000I\000m\000p\000l\000e\000m\000e\000n\000t\000a\000t\000i\000o\000n\000\040\000a\000n\000d\000\040\000E\000v\000a\000l\000u\000a\000t\000i\000o\000n}{}% 27
\BOOKMARK [1][-]{section.5.1}{\376\377\000O\000v\000e\000r\000v\000i\000e\000w\000\040\000o\000f\000\040\000F\000r\000a\000m\000e\000w\000o\000r\000k}{chapter.5}% 28
\BOOKMARK [1][-]{section.5.2}{\376\377\000D\000a\000t\000a\000\040\000F\000l\000o\000w\000\040\000M\000o\000d\000e\000l}{chapter.5}% 29
\BOOKMARK [1][-]{section.5.3}{\376\377\000D\000a\000t\000a\000b\000a\000s\000e\000\040\000M\000o\000d\000e\000l}{chapter.5}% 30
\BOOKMARK [1][-]{section.5.4}{\376\377\000U\000s\000e\000\040\000C\000a\000s\000e\000s}{chapter.5}% 31
\BOOKMARK [2][-]{subsection.5.4.1}{\376\377\000F\000r\000o\000n\000t\000e\000n\000d}{section.5.4}% 32
\BOOKMARK [2][-]{subsection.5.4.2}{\376\377\000C\000h\000o\000o\000s\000e\000n\000\040\000E\000n\000v\000i\000r\000o\000n\000m\000e\000n\000t}{section.5.4}% 33
\BOOKMARK [2][-]{subsection.5.4.3}{\376\377\000C\000h\000o\000o\000s\000e\000n\000\040\000T\000o\000o\000l\000s}{section.5.4}% 34
\BOOKMARK [2][-]{subsection.5.4.4}{\376\377\000U\000s\000e\000\040\000C\000a\000s\000e\000s\000\040\000R\000e\000a\000l\000i\000z\000a\000t\000i\000o\000n}{section.5.4}% 35
\BOOKMARK [2][-]{subsection.5.4.5}{\376\377\000S\000u\000m\000m\000a\000r\000y}{section.5.4}% 36
\BOOKMARK [0][-]{chapter.6}{\376\377\000C\000o\000n\000c\000l\000u\000s\000i\000o\000n\000\040\000a\000n\000d\000\040\000O\000u\000t\000l\000o\000o\000k}{}% 37
\BOOKMARK [1][-]{section.6.1}{\376\377\000C\000o\000n\000c\000l\000u\000s\000i\000o\000n}{chapter.6}% 38
\BOOKMARK [2][-]{subsection.6.1.1}{\376\377\000A\000d\000d\000r\000e\000s\000s\000e\000d\000\040\000r\000e\000s\000e\000a\000r\000c\000h\000\040\000q\000u\000e\000s\000t\000i\000o\000n\000s}{section.6.1}% 39
\BOOKMARK [2][-]{subsection.6.1.2}{\376\377\000P\000r\000a\000c\000t\000i\000c\000a\000l\000\040\000r\000e\000s\000u\000l\000t\000s}{section.6.1}% 40
\BOOKMARK [1][-]{section.6.2}{\376\377\000F\000u\000t\000u\000r\000e\000\040\000w\000o\000r\000k}{chapter.6}% 41
\BOOKMARK [0][-]{chapter*.3}{\376\377\000L\000i\000s\000t\000\040\000o\000f\000\040\000F\000i\000g\000u\000r\000e\000s}{}% 42
\BOOKMARK [0][-]{chapter*.4}{\376\377\000L\000i\000s\000t\000\040\000o\000f\000\040\000T\000a\000b\000l\000e\000s}{}% 43
